2021-04-07 17:52:46.281 INFO  ||| [main] c.z.c.CommonApplication - Starting CommonApplication on DESKTOP-25JSO6S with PID 36608 (E:\learn\java\spring-cloud-demo\spring-cloud-demo\commons\target\classes started by aqumon in E:\learn\java\spring-cloud-demo\spring-cloud-demo)
2021-04-07 17:52:46.284 INFO  ||| [main] c.z.c.CommonApplication - The following profiles are active: dev
2021-04-07 17:52:48.756 INFO  ||| [main] o.s.b.w.e.t.TomcatWebServer - Tomcat initialized with port(s): 9340 (http)
2021-04-07 17:52:48.781 INFO  ||| [main] o.a.c.h.Http11NioProtocol - Initializing ProtocolHandler ["http-nio-9340"]
2021-04-07 17:52:48.782 INFO  ||| [main] o.a.c.c.StandardService - Starting service [Tomcat]
2021-04-07 17:52:48.786 INFO  ||| [main] o.a.c.c.StandardEngine - Starting Servlet engine: [Apache Tomcat/9.0.37]
2021-04-07 17:52:49.104 INFO  ||| [main] o.a.c.c.C.[.[.[/] - Initializing Spring embedded WebApplicationContext
2021-04-07 17:52:49.105 INFO  ||| [main] o.s.b.w.s.c.ServletWebServerApplicationContext - Root WebApplicationContext: initialization completed in 2432 ms
2021-04-07 17:52:49.396 INFO  ||| [main] o.s.s.c.ThreadPoolTaskExecutor - Initializing ExecutorService 'applicationTaskExecutor'
2021-04-07 17:52:49.806 INFO  ||| [main] o.a.c.h.Http11NioProtocol - Starting ProtocolHandler ["http-nio-9340"]
2021-04-07 17:52:49.839 INFO  ||| [main] o.s.b.w.e.t.TomcatWebServer - Tomcat started on port(s): 9340 (http) with context path ''
2021-04-07 17:52:49.920 INFO  ||| [main] c.z.c.CommonApplication - Started CommonApplication in 4.793 seconds (JVM running for 7.429)
2021-04-07 17:53:22.050 INFO  ||| [http-nio-9340-exec-1] o.a.c.c.C.[.[.[/] - Initializing Spring DispatcherServlet 'dispatcherServlet'
2021-04-07 17:53:22.050 INFO  ||| [http-nio-9340-exec-1] o.s.w.s.DispatcherServlet - Initializing Servlet 'dispatcherServlet'
2021-04-07 17:53:22.088 INFO  ||| [http-nio-9340-exec-1] o.s.w.s.DispatcherServlet - Completed initialization in 38 ms
2021-04-07 17:55:49.020 INFO  ||| [main] c.z.c.CommonApplication - Starting CommonApplication on DESKTOP-25JSO6S with PID 47940 (E:\learn\java\spring-cloud-demo\spring-cloud-demo\commons\target\classes started by aqumon in E:\learn\java\spring-cloud-demo\spring-cloud-demo)
2021-04-07 17:55:49.026 INFO  ||| [main] c.z.c.CommonApplication - The following profiles are active: dev
2021-04-07 17:55:50.882 INFO  ||| [main] o.s.b.w.e.t.TomcatWebServer - Tomcat initialized with port(s): 9340 (http)
2021-04-07 17:55:50.891 INFO  ||| [main] o.a.c.h.Http11NioProtocol - Initializing ProtocolHandler ["http-nio-9340"]
2021-04-07 17:55:50.896 INFO  ||| [main] o.a.c.c.StandardService - Starting service [Tomcat]
2021-04-07 17:55:50.900 INFO  ||| [main] o.a.c.c.StandardEngine - Starting Servlet engine: [Apache Tomcat/9.0.37]
2021-04-07 17:55:51.143 INFO  ||| [main] o.a.c.c.C.[.[.[/] - Initializing Spring embedded WebApplicationContext
2021-04-07 17:55:51.143 INFO  ||| [main] o.s.b.w.s.c.ServletWebServerApplicationContext - Root WebApplicationContext: initialization completed in 1996 ms
2021-04-07 17:55:51.327 INFO  ||| [main] o.s.s.c.ThreadPoolTaskExecutor - Initializing ExecutorService 'applicationTaskExecutor'
2021-04-07 17:55:51.517 INFO  ||| [main] o.a.c.h.Http11NioProtocol - Starting ProtocolHandler ["http-nio-9340"]
2021-04-07 17:55:51.544 INFO  ||| [main] o.s.b.w.e.t.TomcatWebServer - Tomcat started on port(s): 9340 (http) with context path ''
2021-04-07 17:55:51.556 INFO  ||| [main] c.z.c.CommonApplication - Started CommonApplication in 3.161 seconds (JVM running for 5.02)
2021-04-07 17:56:06.723 INFO  ||| [main] c.z.c.CommonApplication - Starting CommonApplication on DESKTOP-25JSO6S with PID 29860 (E:\learn\java\spring-cloud-demo\spring-cloud-demo\commons\target\classes started by aqumon in E:\learn\java\spring-cloud-demo\spring-cloud-demo)
2021-04-07 17:56:06.728 INFO  ||| [main] c.z.c.CommonApplication - The following profiles are active: dev
2021-04-07 17:56:08.835 INFO  ||| [main] o.s.b.w.e.t.TomcatWebServer - Tomcat initialized with port(s): 9340 (http)
2021-04-07 17:56:08.843 INFO  ||| [main] o.a.c.h.Http11NioProtocol - Initializing ProtocolHandler ["http-nio-9340"]
2021-04-07 17:56:08.843 INFO  ||| [main] o.a.c.c.StandardService - Starting service [Tomcat]
2021-04-07 17:56:08.844 INFO  ||| [main] o.a.c.c.StandardEngine - Starting Servlet engine: [Apache Tomcat/9.0.37]
2021-04-07 17:56:08.984 INFO  ||| [main] o.a.c.c.C.[.[.[/] - Initializing Spring embedded WebApplicationContext
2021-04-07 17:56:08.984 INFO  ||| [main] o.s.b.w.s.c.ServletWebServerApplicationContext - Root WebApplicationContext: initialization completed in 2201 ms
2021-04-07 17:56:09.595 INFO  ||| [main] o.s.s.c.ThreadPoolTaskExecutor - Initializing ExecutorService 'applicationTaskExecutor'
2021-04-07 17:56:09.736 INFO  ||| [main] o.a.c.h.Http11NioProtocol - Starting ProtocolHandler ["http-nio-9340"]
2021-04-07 17:56:09.761 INFO  ||| [main] o.s.b.w.e.t.TomcatWebServer - Tomcat started on port(s): 9340 (http) with context path ''
2021-04-07 17:56:09.762 INFO  ||| [main] s.d.s.w.p.DocumentationPluginsBootstrapper - Context refreshed
2021-04-07 17:56:09.779 INFO  ||| [main] s.d.s.w.p.DocumentationPluginsBootstrapper - Found 1 custom documentation plugin(s)
2021-04-07 17:56:09.791 INFO  ||| [main] s.d.s.w.s.ApiListingReferenceScanner - Scanning for api listing references
2021-04-07 17:56:10.147 INFO  ||| [main] c.z.c.CommonApplication - Started CommonApplication in 3.932 seconds (JVM running for 5.568)
2021-04-07 17:56:29.295 INFO  ||| [http-nio-9340-exec-1] o.a.c.c.C.[.[.[/] - Initializing Spring DispatcherServlet 'dispatcherServlet'
2021-04-07 17:56:29.295 INFO  ||| [http-nio-9340-exec-1] o.s.w.s.DispatcherServlet - Initializing Servlet 'dispatcherServlet'
2021-04-07 17:56:29.302 INFO  ||| [http-nio-9340-exec-1] o.s.w.s.DispatcherServlet - Completed initialization in 7 ms
2021-04-07 17:57:54.313 INFO  ||| [main] c.z.c.CommonApplication - Starting CommonApplication on DESKTOP-25JSO6S with PID 21156 (E:\learn\java\spring-cloud-demo\spring-cloud-demo\commons\target\classes started by aqumon in E:\learn\java\spring-cloud-demo\spring-cloud-demo)
2021-04-07 17:57:54.316 INFO  ||| [main] c.z.c.CommonApplication - The following profiles are active: dev
2021-04-07 17:57:55.997 INFO  ||| [main] o.s.b.w.e.t.TomcatWebServer - Tomcat initialized with port(s): 9340 (http)
2021-04-07 17:57:56.006 INFO  ||| [main] o.a.c.h.Http11NioProtocol - Initializing ProtocolHandler ["http-nio-9340"]
2021-04-07 17:57:56.007 INFO  ||| [main] o.a.c.c.StandardService - Starting service [Tomcat]
2021-04-07 17:57:56.007 INFO  ||| [main] o.a.c.c.StandardEngine - Starting Servlet engine: [Apache Tomcat/9.0.37]
2021-04-07 17:57:56.148 INFO  ||| [main] o.a.c.c.C.[.[.[/] - Initializing Spring embedded WebApplicationContext
2021-04-07 17:57:56.149 INFO  ||| [main] o.s.b.w.s.c.ServletWebServerApplicationContext - Root WebApplicationContext: initialization completed in 1732 ms
2021-04-07 17:57:56.520 INFO  ||| [main] o.s.s.c.ThreadPoolTaskExecutor - Initializing ExecutorService 'applicationTaskExecutor'
2021-04-07 17:57:56.637 INFO  ||| [main] o.a.c.h.Http11NioProtocol - Starting ProtocolHandler ["http-nio-9340"]
2021-04-07 17:57:56.660 INFO  ||| [main] o.s.b.w.e.t.TomcatWebServer - Tomcat started on port(s): 9340 (http) with context path ''
2021-04-07 17:57:56.662 INFO  ||| [main] s.d.s.w.p.DocumentationPluginsBootstrapper - Context refreshed
2021-04-07 17:57:56.680 INFO  ||| [main] s.d.s.w.p.DocumentationPluginsBootstrapper - Found 1 custom documentation plugin(s)
2021-04-07 17:57:56.692 INFO  ||| [main] s.d.s.w.s.ApiListingReferenceScanner - Scanning for api listing references
2021-04-07 17:57:56.715 INFO  ||| [main] c.z.c.CommonApplication - Started CommonApplication in 2.89 seconds (JVM running for 4.451)
2021-04-07 17:58:05.739 INFO  ||| [http-nio-9340-exec-1] o.a.c.c.C.[.[.[/] - Initializing Spring DispatcherServlet 'dispatcherServlet'
2021-04-07 17:58:05.739 INFO  ||| [http-nio-9340-exec-1] o.s.w.s.DispatcherServlet - Initializing Servlet 'dispatcherServlet'
2021-04-07 17:58:05.746 INFO  ||| [http-nio-9340-exec-1] o.s.w.s.DispatcherServlet - Completed initialization in 7 ms
2021-04-07 17:58:26.076 INFO  ||| [main] c.z.c.CommonApplication - Starting CommonApplication on DESKTOP-25JSO6S with PID 48868 (E:\learn\java\spring-cloud-demo\spring-cloud-demo\commons\target\classes started by aqumon in E:\learn\java\spring-cloud-demo\spring-cloud-demo)
2021-04-07 17:58:26.090 INFO  ||| [main] c.z.c.CommonApplication - The following profiles are active: dev
2021-04-07 17:58:27.744 INFO  ||| [main] o.s.b.w.e.t.TomcatWebServer - Tomcat initialized with port(s): 9340 (http)
2021-04-07 17:58:27.753 INFO  ||| [main] o.a.c.h.Http11NioProtocol - Initializing ProtocolHandler ["http-nio-9340"]
2021-04-07 17:58:27.753 INFO  ||| [main] o.a.c.c.StandardService - Starting service [Tomcat]
2021-04-07 17:58:27.754 INFO  ||| [main] o.a.c.c.StandardEngine - Starting Servlet engine: [Apache Tomcat/9.0.37]
2021-04-07 17:58:27.906 INFO  ||| [main] o.a.c.c.C.[.[.[/] - Initializing Spring embedded WebApplicationContext
2021-04-07 17:58:27.906 INFO  ||| [main] o.s.b.w.s.c.ServletWebServerApplicationContext - Root WebApplicationContext: initialization completed in 1669 ms
2021-04-07 17:58:28.317 INFO  ||| [main] o.s.s.c.ThreadPoolTaskExecutor - Initializing ExecutorService 'applicationTaskExecutor'
2021-04-07 17:58:28.424 INFO  ||| [main] o.a.c.h.Http11NioProtocol - Starting ProtocolHandler ["http-nio-9340"]
2021-04-07 17:58:28.446 INFO  ||| [main] o.s.b.w.e.t.TomcatWebServer - Tomcat started on port(s): 9340 (http) with context path ''
2021-04-07 17:58:28.447 INFO  ||| [main] s.d.s.w.p.DocumentationPluginsBootstrapper - Context refreshed
2021-04-07 17:58:28.462 INFO  ||| [main] s.d.s.w.p.DocumentationPluginsBootstrapper - Found 1 custom documentation plugin(s)
2021-04-07 17:58:28.474 INFO  ||| [main] s.d.s.w.s.ApiListingReferenceScanner - Scanning for api listing references
2021-04-07 17:58:28.494 INFO  ||| [main] c.z.c.CommonApplication - Started CommonApplication in 2.957 seconds (JVM running for 4.698)
2021-04-07 17:58:40.708 INFO  ||| [http-nio-9340-exec-1] o.a.c.c.C.[.[.[/] - Initializing Spring DispatcherServlet 'dispatcherServlet'
2021-04-07 17:58:40.708 INFO  ||| [http-nio-9340-exec-1] o.s.w.s.DispatcherServlet - Initializing Servlet 'dispatcherServlet'
2021-04-07 17:58:40.716 INFO  ||| [http-nio-9340-exec-1] o.s.w.s.DispatcherServlet - Completed initialization in 8 ms
2021-04-07 18:00:38.852 INFO  ||| [main] c.z.c.CommonApplication - Starting CommonApplication on DESKTOP-25JSO6S with PID 48060 (E:\learn\java\spring-cloud-demo\spring-cloud-demo\commons\target\classes started by aqumon in E:\learn\java\spring-cloud-demo\spring-cloud-demo)
2021-04-07 18:00:38.866 INFO  ||| [main] c.z.c.CommonApplication - The following profiles are active: dev
2021-04-07 18:00:51.014 INFO  ||| [main] o.s.b.w.e.t.TomcatWebServer - Tomcat initialized with port(s): 9340 (http)
2021-04-07 18:00:51.080 INFO  ||| [main] o.a.c.h.Http11NioProtocol - Initializing ProtocolHandler ["http-nio-9340"]
2021-04-07 18:00:51.083 INFO  ||| [main] o.a.c.c.StandardService - Starting service [Tomcat]
2021-04-07 18:00:51.084 INFO  ||| [main] o.a.c.c.StandardEngine - Starting Servlet engine: [Apache Tomcat/9.0.37]
2021-04-07 18:00:51.680 INFO  ||| [main] o.a.c.c.C.[.[.[/] - Initializing Spring embedded WebApplicationContext
2021-04-07 18:00:51.681 INFO  ||| [main] o.s.b.w.s.c.ServletWebServerApplicationContext - Root WebApplicationContext: initialization completed in 11034 ms
2021-04-07 18:00:59.218 INFO  ||| [main] o.s.s.c.ThreadPoolTaskExecutor - Initializing ExecutorService 'applicationTaskExecutor'
2021-04-07 18:01:00.336 INFO  ||| [main] o.a.c.h.Http11NioProtocol - Starting ProtocolHandler ["http-nio-9340"]
2021-04-07 18:01:00.431 INFO  ||| [main] o.s.b.w.e.t.TomcatWebServer - Tomcat started on port(s): 9340 (http) with context path ''
2021-04-07 18:01:00.436 INFO  ||| [main] s.d.s.w.p.DocumentationPluginsBootstrapper - Context refreshed
2021-04-07 18:01:00.515 INFO  ||| [main] s.d.s.w.p.DocumentationPluginsBootstrapper - Found 1 custom documentation plugin(s)
2021-04-07 18:01:00.595 INFO  ||| [main] s.d.s.w.s.ApiListingReferenceScanner - Scanning for api listing references
2021-04-07 18:01:00.755 INFO  ||| [main] c.z.c.CommonApplication - Started CommonApplication in 28.446 seconds (JVM running for 34.729)
2021-04-07 18:01:07.429 INFO  ||| [http-nio-9340-exec-1] o.a.c.c.C.[.[.[/] - Initializing Spring DispatcherServlet 'dispatcherServlet'
2021-04-07 18:01:07.430 INFO  ||| [http-nio-9340-exec-1] o.s.w.s.DispatcherServlet - Initializing Servlet 'dispatcherServlet'
2021-04-07 18:01:13.438 INFO  ||| [http-nio-9340-exec-1] o.s.w.s.DispatcherServlet - Completed initialization in 6006 ms
2021-04-07 18:02:19.055 INFO  ||| [SpringContextShutdownHook] o.s.s.c.ThreadPoolTaskExecutor - Shutting down ExecutorService 'applicationTaskExecutor'
2021-04-07 18:03:18.825 INFO  ||| [main] c.z.c.CommonApplication - Starting CommonApplication on DESKTOP-25JSO6S with PID 4576 (E:\learn\java\spring-cloud-demo\spring-cloud-demo\commons\target\classes started by aqumon in E:\learn\java\spring-cloud-demo\spring-cloud-demo)
2021-04-07 18:03:18.829 INFO  ||| [main] c.z.c.CommonApplication - No active profile set, falling back to default profiles: default
2021-04-07 18:03:20.893 INFO  ||| [main] o.s.b.w.e.t.TomcatWebServer - Tomcat initialized with port(s): 9340 (http)
2021-04-07 18:03:20.901 INFO  ||| [main] o.a.c.h.Http11NioProtocol - Initializing ProtocolHandler ["http-nio-9340"]
2021-04-07 18:03:20.901 INFO  ||| [main] o.a.c.c.StandardService - Starting service [Tomcat]
2021-04-07 18:03:20.901 INFO  ||| [main] o.a.c.c.StandardEngine - Starting Servlet engine: [Apache Tomcat/9.0.37]
2021-04-07 18:03:21.033 INFO  ||| [main] o.a.c.c.C.[.[.[/] - Initializing Spring embedded WebApplicationContext
2021-04-07 18:03:21.033 INFO  ||| [main] o.s.b.w.s.c.ServletWebServerApplicationContext - Root WebApplicationContext: initialization completed in 2152 ms
2021-04-07 18:03:21.459 INFO  ||| [main] o.s.s.c.ThreadPoolTaskExecutor - Initializing ExecutorService 'applicationTaskExecutor'
2021-04-07 18:03:21.563 INFO  ||| [main] o.a.c.h.Http11NioProtocol - Starting ProtocolHandler ["http-nio-9340"]
2021-04-07 18:03:21.587 INFO  ||| [main] o.s.b.w.e.t.TomcatWebServer - Tomcat started on port(s): 9340 (http) with context path ''
2021-04-07 18:03:21.588 INFO  ||| [main] s.d.s.w.p.DocumentationPluginsBootstrapper - Context refreshed
2021-04-07 18:03:21.603 INFO  ||| [main] s.d.s.w.p.DocumentationPluginsBootstrapper - Found 1 custom documentation plugin(s)
2021-04-07 18:03:21.615 INFO  ||| [main] s.d.s.w.s.ApiListingReferenceScanner - Scanning for api listing references
2021-04-07 18:03:21.639 INFO  ||| [main] c.z.c.CommonApplication - Started CommonApplication in 3.454 seconds (JVM running for 5.25)
2021-04-07 18:03:23.717 INFO  ||| [http-nio-9340-exec-1] o.a.c.c.C.[.[.[/] - Initializing Spring DispatcherServlet 'dispatcherServlet'
2021-04-07 18:03:23.717 INFO  ||| [http-nio-9340-exec-1] o.s.w.s.DispatcherServlet - Initializing Servlet 'dispatcherServlet'
2021-04-07 18:03:23.722 INFO  ||| [http-nio-9340-exec-1] o.s.w.s.DispatcherServlet - Completed initialization in 5 ms
2021-04-07 18:04:44.978 INFO  ||| [main] c.z.c.CommonApplication - Starting CommonApplication on DESKTOP-25JSO6S with PID 42232 (E:\learn\java\spring-cloud-demo\spring-cloud-demo\commons\target\classes started by aqumon in E:\learn\java\spring-cloud-demo\spring-cloud-demo)
2021-04-07 18:04:44.981 INFO  ||| [main] c.z.c.CommonApplication - No active profile set, falling back to default profiles: default
2021-04-07 18:04:46.499 INFO  ||| [main] o.s.b.w.e.t.TomcatWebServer - Tomcat initialized with port(s): 9340 (http)
2021-04-07 18:04:46.507 INFO  ||| [main] o.a.c.h.Http11NioProtocol - Initializing ProtocolHandler ["http-nio-9340"]
2021-04-07 18:04:46.507 INFO  ||| [main] o.a.c.c.StandardService - Starting service [Tomcat]
2021-04-07 18:04:46.507 INFO  ||| [main] o.a.c.c.StandardEngine - Starting Servlet engine: [Apache Tomcat/9.0.37]
2021-04-07 18:04:46.662 INFO  ||| [main] o.a.c.c.C.[.[.[/] - Initializing Spring embedded WebApplicationContext
2021-04-07 18:04:46.662 INFO  ||| [main] o.s.b.w.s.c.ServletWebServerApplicationContext - Root WebApplicationContext: initialization completed in 1620 ms
2021-04-07 18:04:47.099 INFO  ||| [main] o.s.s.c.ThreadPoolTaskExecutor - Initializing ExecutorService 'applicationTaskExecutor'
2021-04-07 18:04:47.217 INFO  ||| [main] o.a.c.h.Http11NioProtocol - Starting ProtocolHandler ["http-nio-9340"]
2021-04-07 18:04:47.241 INFO  ||| [main] o.s.b.w.e.t.TomcatWebServer - Tomcat started on port(s): 9340 (http) with context path ''
2021-04-07 18:04:47.242 INFO  ||| [main] s.d.s.w.p.DocumentationPluginsBootstrapper - Context refreshed
2021-04-07 18:04:47.261 INFO  ||| [main] s.d.s.w.p.DocumentationPluginsBootstrapper - Found 1 custom documentation plugin(s)
2021-04-07 18:04:47.274 INFO  ||| [main] s.d.s.w.s.ApiListingReferenceScanner - Scanning for api listing references
2021-04-07 18:04:47.294 INFO  ||| [main] c.z.c.CommonApplication - Started CommonApplication in 2.806 seconds (JVM running for 4.51)
2021-04-07 18:05:55.107 INFO  ||| [main] c.z.c.CommonApplication - Starting CommonApplication on DESKTOP-25JSO6S with PID 47896 (E:\learn\java\spring-cloud-demo\spring-cloud-demo\commons\target\classes started by aqumon in E:\learn\java\spring-cloud-demo\spring-cloud-demo)
2021-04-07 18:05:55.110 INFO  ||| [main] c.z.c.CommonApplication - No active profile set, falling back to default profiles: default
2021-04-07 18:05:56.840 INFO  ||| [main] o.s.b.w.e.t.TomcatWebServer - Tomcat initialized with port(s): 9340 (http)
2021-04-07 18:05:56.848 INFO  ||| [main] o.a.c.h.Http11NioProtocol - Initializing ProtocolHandler ["http-nio-9340"]
2021-04-07 18:05:56.849 INFO  ||| [main] o.a.c.c.StandardService - Starting service [Tomcat]
2021-04-07 18:05:56.849 INFO  ||| [main] o.a.c.c.StandardEngine - Starting Servlet engine: [Apache Tomcat/9.0.37]
2021-04-07 18:05:56.990 INFO  ||| [main] o.a.c.c.C.[.[.[/api] - Initializing Spring embedded WebApplicationContext
2021-04-07 18:05:56.990 INFO  ||| [main] o.s.b.w.s.c.ServletWebServerApplicationContext - Root WebApplicationContext: initialization completed in 1805 ms
2021-04-07 18:05:57.432 INFO  ||| [main] o.s.s.c.ThreadPoolTaskExecutor - Initializing ExecutorService 'applicationTaskExecutor'
2021-04-07 18:05:57.607 INFO  ||| [main] o.a.c.h.Http11NioProtocol - Starting ProtocolHandler ["http-nio-9340"]
2021-04-07 18:05:57.631 INFO  ||| [main] o.s.b.w.e.t.TomcatWebServer - Tomcat started on port(s): 9340 (http) with context path '/api'
2021-04-07 18:05:57.632 INFO  ||| [main] s.d.s.w.p.DocumentationPluginsBootstrapper - Context refreshed
2021-04-07 18:05:57.654 INFO  ||| [main] s.d.s.w.p.DocumentationPluginsBootstrapper - Found 1 custom documentation plugin(s)
2021-04-07 18:05:57.669 INFO  ||| [main] s.d.s.w.s.ApiListingReferenceScanner - Scanning for api listing references
2021-04-07 18:05:57.693 INFO  ||| [main] c.z.c.CommonApplication - Started CommonApplication in 3.079 seconds (JVM running for 4.907)
2021-04-07 18:06:51.559 INFO  ||| [http-nio-9340-exec-2] o.a.c.c.C.[.[.[/api] - Initializing Spring DispatcherServlet 'dispatcherServlet'
2021-04-07 18:06:51.560 INFO  ||| [http-nio-9340-exec-2] o.s.w.s.DispatcherServlet - Initializing Servlet 'dispatcherServlet'
2021-04-07 18:06:51.567 INFO  ||| [http-nio-9340-exec-2] o.s.w.s.DispatcherServlet - Completed initialization in 7 ms
2021-04-07 18:08:39.636 INFO  ||| [main] c.z.c.CommonApplication - Starting CommonApplication on DESKTOP-25JSO6S with PID 48652 (E:\learn\java\spring-cloud-demo\spring-cloud-demo\commons\target\classes started by aqumon in E:\learn\java\spring-cloud-demo\spring-cloud-demo)
2021-04-07 18:08:39.640 INFO  ||| [main] c.z.c.CommonApplication - No active profile set, falling back to default profiles: default
2021-04-07 18:08:41.729 INFO  ||| [main] o.s.b.w.e.t.TomcatWebServer - Tomcat initialized with port(s): 9340 (http)
2021-04-07 18:08:41.736 INFO  ||| [main] o.a.c.h.Http11NioProtocol - Initializing ProtocolHandler ["http-nio-9340"]
2021-04-07 18:08:41.737 INFO  ||| [main] o.a.c.c.StandardService - Starting service [Tomcat]
2021-04-07 18:08:41.746 INFO  ||| [main] o.a.c.c.StandardEngine - Starting Servlet engine: [Apache Tomcat/9.0.37]
2021-04-07 18:08:41.876 INFO  ||| [main] o.a.c.c.C.[.[.[/api] - Initializing Spring embedded WebApplicationContext
2021-04-07 18:08:41.877 INFO  ||| [main] o.s.b.w.s.c.ServletWebServerApplicationContext - Root WebApplicationContext: initialization completed in 2052 ms
2021-04-07 18:08:42.570 INFO  ||| [main] o.s.s.c.ThreadPoolTaskExecutor - Initializing ExecutorService 'applicationTaskExecutor'
2021-04-07 18:08:42.796 INFO  ||| [main] o.a.c.h.Http11NioProtocol - Starting ProtocolHandler ["http-nio-9340"]
2021-04-07 18:08:42.849 INFO  ||| [main] o.s.b.w.e.t.TomcatWebServer - Tomcat started on port(s): 9340 (http) with context path '/api'
2021-04-07 18:08:42.854 INFO  ||| [main] s.d.s.w.p.DocumentationPluginsBootstrapper - Context refreshed
2021-04-07 18:08:42.914 INFO  ||| [main] s.d.s.w.p.DocumentationPluginsBootstrapper - Found 1 custom documentation plugin(s)
2021-04-07 18:08:43.032 INFO  ||| [main] s.d.s.w.s.ApiListingReferenceScanner - Scanning for api listing references
2021-04-07 18:08:43.105 INFO  ||| [http-nio-9340-exec-1] o.a.c.c.C.[.[.[/api] - Initializing Spring DispatcherServlet 'dispatcherServlet'
2021-04-07 18:08:43.106 INFO  ||| [http-nio-9340-exec-1] o.s.w.s.DispatcherServlet - Initializing Servlet 'dispatcherServlet'
2021-04-07 18:08:43.115 INFO  ||| [http-nio-9340-exec-1] o.s.w.s.DispatcherServlet - Completed initialization in 9 ms
2021-04-07 18:08:43.121 INFO  ||| [main] c.z.c.CommonApplication - Started CommonApplication in 4.245 seconds (JVM running for 5.997)
2021-04-07 18:10:26.901 INFO  ||| [main] c.z.c.CommonApplication - Starting CommonApplication on DESKTOP-25JSO6S with PID 42612 (E:\learn\java\spring-cloud-demo\spring-cloud-demo\commons\target\classes started by aqumon in E:\learn\java\spring-cloud-demo\spring-cloud-demo)
2021-04-07 18:10:26.905 INFO  ||| [main] c.z.c.CommonApplication - No active profile set, falling back to default profiles: default
2021-04-07 18:10:28.411 INFO  ||| [main] o.s.b.w.e.t.TomcatWebServer - Tomcat initialized with port(s): 9340 (http)
2021-04-07 18:10:28.429 INFO  ||| [main] o.a.c.h.Http11NioProtocol - Initializing ProtocolHandler ["http-nio-9340"]
2021-04-07 18:10:28.431 INFO  ||| [main] o.a.c.c.StandardService - Starting service [Tomcat]
2021-04-07 18:10:28.431 INFO  ||| [main] o.a.c.c.StandardEngine - Starting Servlet engine: [Apache Tomcat/9.0.37]
2021-04-07 18:10:28.572 INFO  ||| [main] o.a.c.c.C.[.[.[/api] - Initializing Spring embedded WebApplicationContext
2021-04-07 18:10:28.572 INFO  ||| [main] o.s.b.w.s.c.ServletWebServerApplicationContext - Root WebApplicationContext: initialization completed in 1620 ms
2021-04-07 18:10:28.957 INFO  ||| [main] o.s.s.c.ThreadPoolTaskExecutor - Initializing ExecutorService 'applicationTaskExecutor'
2021-04-07 18:10:29.079 INFO  ||| [main] o.a.c.h.Http11NioProtocol - Starting ProtocolHandler ["http-nio-9340"]
2021-04-07 18:10:29.101 INFO  ||| [main] o.s.b.w.e.t.TomcatWebServer - Tomcat started on port(s): 9340 (http) with context path '/api'
2021-04-07 18:10:29.102 INFO  ||| [main] s.d.s.w.p.DocumentationPluginsBootstrapper - Context refreshed
2021-04-07 18:10:29.118 INFO  ||| [main] s.d.s.w.p.DocumentationPluginsBootstrapper - Found 1 custom documentation plugin(s)
2021-04-07 18:10:29.130 INFO  ||| [main] s.d.s.w.s.ApiListingReferenceScanner - Scanning for api listing references
2021-04-07 18:10:29.150 INFO  ||| [main] c.z.c.CommonApplication - Started CommonApplication in 2.78 seconds (JVM running for 4.5)
